    1  ls
    2  rm -rf ws1
    3  ls
    4  mkdir ws1
    5  ls
    6  git init
    7  mkdir ws1
    8  rm -rf ws1
    9  git clone git@github.com:cydang/ws1.git
   10  ls
   11  mkdir ws1
   12  cd ws1
   13  git init
   14  git branch -m main
   15  git status
   16  history > cmds.log
   17  git status
   18  git add .
   19  git status
   20  git commit -m "history cmd logs"
   21  git git remote add origin git@github.com:cydang/ws1.git
   22  git remote add origin git@github.com:cydang/ws1.git
   23  git push -u origin main
   24  cd ..
   25  cd ws1/
   26  git remote add origin https://github.com/cydang/ws1.git
   27  git push -u origin main
   28  cd ..
   29  rm -rf ws1
   30  ls
   31  git clone https://github.com/cydang/ws1.git
   32  git init
   33  ls
   34  cd ws1
   35  git init
   36  history > cmds.log
